<?xml version="1.0" encoding="UTF-8"?>
<!-- Generated by org.testng.reporters.JUnitReportReporter -->
<testsuite hostname="DESKTOP-8UVDJSQ" failures="0" tests="1" name="com.inetbanking.testCases.TC_LoginTest_001" time="8.053" errors="0" timestamp="04 May 2022 17:03:24 GMT" skipped="0">
  <testcase classname="com.inetbanking.testCases.TC_LoginTest_001" name="loginTest" time="8.053"/>
</testsuite> <!-- com.inetbanking.testCases.TC_LoginTest_001 -->
