<?xml version="1.0" encoding="UTF-8"?>
<!-- Generated by org.testng.reporters.JUnitReportReporter -->
<testsuite skipped="0" hostname="DESKTOP-8UVDJSQ" name="com.inetbanking.testCases.TC_LoginTest_001" tests="1" failures="0" timestamp="05 May 2022 15:33:10 GMT" time="6.350" errors="0">
  <testcase name="loginTest" time="6.350" classname="com.inetbanking.testCases.TC_LoginTest_001"/>
</testsuite> <!-- com.inetbanking.testCases.TC_LoginTest_001 -->
